<!DOCTYPE html>


<!--
 | Generated by Apache Maven Doxia Site Renderer 2.0.0 from org.apache.maven.plugins:maven-surefire-report-plugin:3.5.4:report at 2025-10-21
 | Rendered using Apache Maven Fluido Skin 2.0.0-M9
-->
<html xmlns="http://www.w3.org/1999/xhtml" lang="en">
  <head>
    <meta charset="UTF-8" />
    <meta name="viewport" content="width=device-width, initial-scale=1" />
    <meta name="generator" content="Apache Maven Doxia Site Renderer 2.0.0" />
    <title>Surefire Report – lab6_1</title>
    <link rel="stylesheet" href="./css/apache-maven-fluido-2.0.0-M9.min.css" />
    <link rel="stylesheet" href="./css/site.css" />
    <link rel="stylesheet" href="./css/print.css" media="print" />
    <script src="./js/apache-maven-fluido-2.0.0-M9.min.js"></script>
  </head>
  <body>
    <div class="container container-top">
      <header>
        <div id="banner">
          <div class="pull-left"><div id="bannerLeft"><h1>lab6_1</h1></div></div>
          <div class="pull-right"></div>
          <div class="clear"><hr/></div>
        </div>

        <div id="breadcrumbs">
          <ul class="breadcrumb">
        <li id="publishDate">Last Published: 2025-10-21<span class="divider">|</span>
</li>
          <li id="projectVersion">Version: 1.0</li>
        <li class="pull-right"><a href="${project.url}">lab6_1</a></li>
          </ul>
        </div>
      </header>
        <main id="bodyColumn">

<script>
function toggleDisplay(elementId) {
 var elm = document.getElementById(elementId + '-error');
 if (elm == null) {
  elm = document.getElementById(elementId + '-failure');
 }
 if (elm && typeof elm.style != "undefined") {
  if (elm.style.display == "none") {
   elm.style.display = "";
   document.getElementById(elementId + '-off').style.display = "none";
   document.getElementById(elementId + '-on').style.display = "inline";
  } else if (elm.style.display == "") {   elm.style.display = "none";
   document.getElementById(elementId + '-off').style.display = "inline";
   document.getElementById(elementId + '-on').style.display = "none";
  }
 }
 }
</script>
<section><a id="Surefire_Report"></a>
<h1>Surefire Report</h1><section><a id="Summary"></a>
<h2>Summary</h2>
<p>[<a href="#Summary">Summary</a>] [<a href="#Package_List">Package List</a>] [<a href="#Test_Cases">Test Cases</a>]</p><br />
<table class="table table-striped">
<tr class="a">
<th>Tests</th>
<th>Errors</th>
<th>Failures</th>
<th>Skipped</th>
<th>Success Rate</th>
<th>Time</th></tr>
<tr class="b">
<td>17</td>
<td>2</td>
<td>0</td>
<td>0</td>
<td>88.2%</td>
<td>0.253 s</td></tr></table><br />
<p>Note: failures are anticipated and checked for with assertions while errors are unanticipated.</p><br /></section><section><a id="Package_List"></a>
<h2>Package List</h2>
<p>[<a href="#Summary">Summary</a>] [<a href="#Package_List">Package List</a>] [<a href="#Test_Cases">Test Cases</a>]</p><br />
<table class="table table-striped">
<tr class="a">
<th>Package</th>
<th>Tests</th>
<th>Errors</th>
<th>Failures</th>
<th>Skipped</th>
<th>Success Rate</th>
<th>Time</th></tr>
<tr class="b">
<td><a href="#a.28default_package.29">(default package)</a></td>
<td>15</td>
<td>0</td>
<td>0</td>
<td>0</td>
<td>100%</td>
<td>0.250 s</td></tr>
<tr class="a">
<td><a href="#calculator">calculator</a></td>
<td>1</td>
<td>1</td>
<td>0</td>
<td>0</td>
<td>0%</td>
<td>0.003 s</td></tr>
<tr class="b">
<td><a href="#com.example">com.example</a></td>
<td>1</td>
<td>1</td>
<td>0</td>
<td>0</td>
<td>0%</td>
<td>0 s</td></tr></table><br />
<p>Note: package statistics are not computed recursively, they only sum up all of its testsuites numbers.</p><section><a id="a.28default_package.29"></a>
<h3>(default package)</h3>
<table class="table table-striped">
<tr class="a">
<th>-</th>
<th>Class</th>
<th>Tests</th>
<th>Errors</th>
<th>Failures</th>
<th>Skipped</th>
<th>Success Rate</th>
<th>Time</th></tr>
<tr class="b">
<td><a href="#Basic Arithmetic"><img src="images/icon_success_sml.gif" /></a></td>
<td><a href="#Basic Arithmetic">Basic Arithmetic</a></td>
<td>5</td>
<td>0</td>
<td>0</td>
<td>0</td>
<td>100%</td>
<td>0.237 s</td></tr>
<tr class="a">
<td><a href="#Single digits"><img src="images/icon_success_sml.gif" /></a></td>
<td><a href="#Single digits">Single digits</a></td>
<td>10</td>
<td>0</td>
<td>0</td>
<td>0</td>
<td>100%</td>
<td>0.013 s</td></tr></table></section><section><a id="calculator"></a>
<h3>calculator</h3>
<table class="table table-striped">
<tr class="a">
<th>-</th>
<th>Class</th>
<th>Tests</th>
<th>Errors</th>
<th>Failures</th>
<th>Skipped</th>
<th>Success Rate</th>
<th>Time</th></tr>
<tr class="b">
<td><a href="#calculator.CucumberTest"><img src="images/icon_error_sml.gif" /></a></td>
<td><a href="#calculator.CucumberTest">CucumberTest</a></td>
<td>1</td>
<td>1</td>
<td>0</td>
<td>0</td>
<td>0%</td>
<td>0.003 s</td></tr></table></section><section><a id="com.example"></a>
<h3>com.example</h3>
<table class="table table-striped">
<tr class="a">
<th>-</th>
<th>Class</th>
<th>Tests</th>
<th>Errors</th>
<th>Failures</th>
<th>Skipped</th>
<th>Success Rate</th>
<th>Time</th></tr>
<tr class="b">
<td><a href="#com.example.RunCucumberTest"><img src="images/icon_error_sml.gif" /></a></td>
<td><a href="#com.example.RunCucumberTest">RunCucumberTest</a></td>
<td>1</td>
<td>1</td>
<td>0</td>
<td>0</td>
<td>0%</td>
<td>0 s</td></tr></table></section><br /></section><section><a id="Test_Cases"></a>
<h2>Test Cases</h2>
<p>[<a href="#Summary">Summary</a>] [<a href="#Package_List">Package List</a>] [<a href="#Test_Cases">Test Cases</a>]</p><section><a id="Basic_Arithmetic"></a>
<h3>Basic Arithmetic</h3>
<table class="table table-striped">
<tr class="a">
<td><img src="images/icon_success_sml.gif" /></td>
<td><a id="TC_Basic_Arithmetic.Addition"></a>Addition</td>
<td>0.230 s</td></tr>
<tr class="b">
<td><img src="images/icon_success_sml.gif" /></td>
<td><a id="TC_Basic_Arithmetic.Substraction"></a>Substraction</td>
<td>0.002 s</td></tr>
<tr class="a">
<td><img src="images/icon_success_sml.gif" /></td>
<td><a id="TC_Basic_Arithmetic.Multiplication"></a>Multiplication</td>
<td>0.002 s</td></tr>
<tr class="b">
<td><img src="images/icon_success_sml.gif" /></td>
<td><a id="TC_Basic_Arithmetic.Division"></a>Division</td>
<td>0.001 s</td></tr>
<tr class="a">
<td><img src="images/icon_success_sml.gif" /></td>
<td><a id="TC_Basic_Arithmetic.Division_by_zero"></a>Division by zero</td>
<td>0.002 s</td></tr></table></section><section><a id="Single_digits"></a>
<h3>Single digits</h3>
<table class="table table-striped">
<tr class="a">
<td><img src="images/icon_success_sml.gif" /></td>
<td><a id="TC_Single_digits.Example_.231.1"></a>Example #1.1</td>
<td>0.002 s</td></tr>
<tr class="b">
<td><img src="images/icon_success_sml.gif" /></td>
<td><a id="TC_Single_digits.Example_.231.1"></a>Example #1.1</td>
<td>0.001 s</td></tr>
<tr class="a">
<td><img src="images/icon_success_sml.gif" /></td>
<td><a id="TC_Single_digits.Example_.231.2"></a>Example #1.2</td>
<td>0.001 s</td></tr>
<tr class="b">
<td><img src="images/icon_success_sml.gif" /></td>
<td><a id="TC_Single_digits.Example_.231.2"></a>Example #1.2</td>
<td>0.001 s</td></tr>
<tr class="a">
<td><img src="images/icon_success_sml.gif" /></td>
<td><a id="TC_Single_digits.Example_.231.3"></a>Example #1.3</td>
<td>0.002 s</td></tr>
<tr class="b">
<td><img src="images/icon_success_sml.gif" /></td>
<td><a id="TC_Single_digits.Example_.231.3"></a>Example #1.3</td>
<td>0.001 s</td></tr>
<tr class="a">
<td><img src="images/icon_success_sml.gif" /></td>
<td><a id="TC_Single_digits.Example_.231.4"></a>Example #1.4</td>
<td>0.001 s</td></tr>
<tr class="b">
<td><img src="images/icon_success_sml.gif" /></td>
<td><a id="TC_Single_digits.Example_.231.4"></a>Example #1.4</td>
<td>0.001 s</td></tr>
<tr class="a">
<td><img src="images/icon_success_sml.gif" /></td>
<td><a id="TC_Single_digits.Example_.231.5"></a>Example #1.5</td>
<td>0.002 s</td></tr>
<tr class="b">
<td><img src="images/icon_success_sml.gif" /></td>
<td><a id="TC_Single_digits.Example_.231.5"></a>Example #1.5</td>
<td>0.001 s</td></tr></table></section><section><a id="calculator.CucumberTest"></a>
<h3>CucumberTest</h3>
<table class="table table-striped">
<tr class="a">
<td><a href="#calculator.CucumberTest."><img src="images/icon_error_sml.gif" /></a></td>
<td><a id="TC_calculator.CucumberTest."></a><a href="#calculator.CucumberTest.">-</a>
<div class="detailToggle" style="display:inline"><a href="javascript:toggleDisplay('calculator.CucumberTest.');"><span style="display:inline;" id="calculator.CucumberTest.-off"> + </span><span style="display:none;" id="calculator.CucumberTest.-on"> - </span>[ Detail ]</a></div></td>
<td>0.003 s</td></tr>
<tr class="b">
<td>-</td>
<td>Suite [calculator.CucumberTest] did not discover any tests</td>
<td>-</td></tr>
<tr id="calculator.CucumberTest.-error" style="display:none;" class="a">
<td>-</td>
<td>
<pre>org.junit.platform.suite.engine.NoTestsDiscoveredException: Suite [calculator.CucumberTest] did not discover any tests
	at org.junit.platform.suite.engine.SuiteTestDescriptor.computeTestExecutionResult(SuiteTestDescriptor.java:134)
	at org.junit.platform.suite.engine.SuiteTestDescriptor.execute(SuiteTestDescriptor.java:129)
	at org.junit.platform.suite.engine.SuiteTestEngine.lambda$execute$0(SuiteTestEngine.java:73)
	at java.base/java.util.stream.ForEachOps$ForEachOp$OfRef.accept(ForEachOps.java:184)
	at java.base/java.util.stream.ReferencePipeline$3$1.accept(ReferencePipeline.java:215)
	at java.base/java.util.Iterator.forEachRemaining(Iterator.java:133)
	at java.base/java.util.Spliterators$IteratorSpliterator.forEachRemaining(Spliterators.java:1939)
	at java.base/java.util.stream.AbstractPipeline.copyInto(AbstractPipeline.java:570)
	at java.base/java.util.stream.AbstractPipeline.wrapAndCopyInto(AbstractPipeline.java:560)
	at java.base/java.util.stream.ForEachOps$ForEachOp.evaluateSequential(ForEachOps.java:151)
	at java.base/java.util.stream.ForEachOps$ForEachOp$OfRef.evaluateSequential(ForEachOps.java:174)
	at java.base/java.util.stream.AbstractPipeline.evaluate(AbstractPipeline.java:265)
	at java.base/java.util.stream.ReferencePipeline.forEach(ReferencePipeline.java:636)
	at org.junit.platform.suite.engine.SuiteTestEngine.execute(SuiteTestEngine.java:73)
	at org.junit.platform.launcher.core.EngineExecutionOrchestrator.execute(EngineExecutionOrchestrator.java:147)
	at org.junit.platform.launcher.core.EngineExecutionOrchestrator.execute(EngineExecutionOrchestrator.java:127)
	at org.junit.platform.launcher.core.EngineExecutionOrchestrator.execute(EngineExecutionOrchestrator.java:90)
	at org.junit.platform.launcher.core.EngineExecutionOrchestrator.lambda$execute$0(EngineExecutionOrchestrator.java:55)
	at org.junit.platform.launcher.core.EngineExecutionOrchestrator.withInterceptedStreams(EngineExecutionOrchestrator.java:102)
	at org.junit.platform.launcher.core.EngineExecutionOrchestrator.execute(EngineExecutionOrchestrator.java:54)
	at org.junit.platform.launcher.core.DefaultLauncher.execute(DefaultLauncher.java:114)
	at org.junit.platform.launcher.core.DefaultLauncher.execute(DefaultLauncher.java:86)
	at org.junit.platform.launcher.core.DefaultLauncherSession$DelegatingLauncher.execute(DefaultLauncherSession.java:86)
	at org.apache.maven.surefire.junitplatform.LazyLauncher.execute(LazyLauncher.java:55)
	at org.apache.maven.surefire.junitplatform.JUnitPlatformProvider.execute(JUnitPlatformProvider.java:223)
	at org.apache.maven.surefire.junitplatform.JUnitPlatformProvider.invokeAllTests(JUnitPlatformProvider.java:175)
	at org.apache.maven.surefire.junitplatform.JUnitPlatformProvider.invoke(JUnitPlatformProvider.java:139)
	at org.apache.maven.surefire.booter.ForkedBooter.runSuitesInProcess(ForkedBooter.java:456)
	at org.apache.maven.surefire.booter.ForkedBooter.execute(ForkedBooter.java:169)
	at org.apache.maven.surefire.booter.ForkedBooter.run(ForkedBooter.java:595)
	at org.apache.maven.surefire.booter.ForkedBooter.main(ForkedBooter.java:581)
</pre></td>
<td>-</td></tr></table></section><section><a id="com.example.RunCucumberTest"></a>
<h3>RunCucumberTest</h3>
<table class="table table-striped">
<tr class="a">
<td><a href="#com.example.RunCucumberTest."><img src="images/icon_error_sml.gif" /></a></td>
<td><a id="TC_com.example.RunCucumberTest."></a><a href="#com.example.RunCucumberTest.">-</a>
<div class="detailToggle" style="display:inline"><a href="javascript:toggleDisplay('com.example.RunCucumberTest.');"><span style="display:inline;" id="com.example.RunCucumberTest.-off"> + </span><span style="display:none;" id="com.example.RunCucumberTest.-on"> - </span>[ Detail ]</a></div></td>
<td>0 s</td></tr>
<tr class="b">
<td>-</td>
<td>Suite [com.example.RunCucumberTest] did not discover any tests</td>
<td>-</td></tr>
<tr id="com.example.RunCucumberTest.-error" style="display:none;" class="a">
<td>-</td>
<td>
<pre>org.junit.platform.suite.engine.NoTestsDiscoveredException: Suite [com.example.RunCucumberTest] did not discover any tests
	at org.junit.platform.suite.engine.SuiteTestDescriptor.computeTestExecutionResult(SuiteTestDescriptor.java:134)
	at org.junit.platform.suite.engine.SuiteTestDescriptor.execute(SuiteTestDescriptor.java:129)
	at org.junit.platform.suite.engine.SuiteTestEngine.lambda$execute$0(SuiteTestEngine.java:73)
	at java.base/java.util.stream.ForEachOps$ForEachOp$OfRef.accept(ForEachOps.java:184)
	at java.base/java.util.stream.ReferencePipeline$3$1.accept(ReferencePipeline.java:215)
	at java.base/java.util.Iterator.forEachRemaining(Iterator.java:133)
	at java.base/java.util.Spliterators$IteratorSpliterator.forEachRemaining(Spliterators.java:1939)
	at java.base/java.util.stream.AbstractPipeline.copyInto(AbstractPipeline.java:570)
	at java.base/java.util.stream.AbstractPipeline.wrapAndCopyInto(AbstractPipeline.java:560)
	at java.base/java.util.stream.ForEachOps$ForEachOp.evaluateSequential(ForEachOps.java:151)
	at java.base/java.util.stream.ForEachOps$ForEachOp$OfRef.evaluateSequential(ForEachOps.java:174)
	at java.base/java.util.stream.AbstractPipeline.evaluate(AbstractPipeline.java:265)
	at java.base/java.util.stream.ReferencePipeline.forEach(ReferencePipeline.java:636)
	at org.junit.platform.suite.engine.SuiteTestEngine.execute(SuiteTestEngine.java:73)
	at org.junit.platform.launcher.core.EngineExecutionOrchestrator.execute(EngineExecutionOrchestrator.java:147)
	at org.junit.platform.launcher.core.EngineExecutionOrchestrator.execute(EngineExecutionOrchestrator.java:127)
	at org.junit.platform.launcher.core.EngineExecutionOrchestrator.execute(EngineExecutionOrchestrator.java:90)
	at org.junit.platform.launcher.core.EngineExecutionOrchestrator.lambda$execute$0(EngineExecutionOrchestrator.java:55)
	at org.junit.platform.launcher.core.EngineExecutionOrchestrator.withInterceptedStreams(EngineExecutionOrchestrator.java:102)
	at org.junit.platform.launcher.core.EngineExecutionOrchestrator.execute(EngineExecutionOrchestrator.java:54)
	at org.junit.platform.launcher.core.DefaultLauncher.execute(DefaultLauncher.java:114)
	at org.junit.platform.launcher.core.DefaultLauncher.execute(DefaultLauncher.java:86)
	at org.junit.platform.launcher.core.DefaultLauncherSession$DelegatingLauncher.execute(DefaultLauncherSession.java:86)
	at org.apache.maven.surefire.junitplatform.LazyLauncher.execute(LazyLauncher.java:55)
	at org.apache.maven.surefire.junitplatform.JUnitPlatformProvider.execute(JUnitPlatformProvider.java:223)
	at org.apache.maven.surefire.junitplatform.JUnitPlatformProvider.invokeAllTests(JUnitPlatformProvider.java:175)
	at org.apache.maven.surefire.junitplatform.JUnitPlatformProvider.invoke(JUnitPlatformProvider.java:139)
	at org.apache.maven.surefire.booter.ForkedBooter.runSuitesInProcess(ForkedBooter.java:456)
	at org.apache.maven.surefire.booter.ForkedBooter.execute(ForkedBooter.java:169)
	at org.apache.maven.surefire.booter.ForkedBooter.run(ForkedBooter.java:595)
	at org.apache.maven.surefire.booter.ForkedBooter.main(ForkedBooter.java:581)
</pre></td>
<td>-</td></tr></table></section><br /></section><section><a id="Failure_Details"></a>
<h2>Failure Details</h2>
<p>[<a href="#Summary">Summary</a>] [<a href="#Package_List">Package List</a>] [<a href="#Test_Cases">Test Cases</a>]</p><br />
<table class="table table-striped">
<tr class="a">
<td><img src="images/icon_error_sml.gif" /></td>
<td><a id="calculator.CucumberTest."></a></td></tr>
<tr class="b">
<td>-</td>
<td>org.junit.platform.suite.engine.NoTestsDiscoveredException: Suite [calculator.CucumberTest] did not discover any tests</td></tr>
<tr class="a">
<td>-</td>
<td>
<div id="-error">calculator.CucumberTest:</div></td></tr>
<tr class="b">
<td><img src="images/icon_error_sml.gif" /></td>
<td><a id="com.example.RunCucumberTest."></a></td></tr>
<tr class="a">
<td>-</td>
<td>org.junit.platform.suite.engine.NoTestsDiscoveredException: Suite [com.example.RunCucumberTest] did not discover any tests</td></tr>
<tr class="b">
<td>-</td>
<td>
<div id="-error">com.example.RunCucumberTest:</div></td></tr></table><br /></section></section>
        </main>
    </div>
    <hr/>
    <footer>
      <div class="container">
        <div class="row">
            <p>©      2025
</p>
        </div>
        <p id="poweredBy" class="pull-right"><a href="https://maven.apache.org/" class="builtBy" target="_blank"><img class="builtBy" alt="Built by Maven" src="./images/logos/maven-feather.png" /></a>
</p>
      </div>
    </footer>
<script>
  if(anchors) {
    anchors.add();
  }
</script>
  </body>
</html>
