<?xml version="1.0" encoding="UTF-8"?>
<testsuite xmlns:xsi="http://www.w3.org/2001/XMLSchema-instance" xsi:noNamespaceSchemaLocation="https://maven.apache.org/surefire/maven-surefire-plugin/xsd/surefire-test-report-3.0.xsd" version="3.0" name="library.RunCucumberTest" time="0.135" tests="4" errors="0" skipped="0" failures="0">
  <properties>
[...]
</properties>
  <testcase name="Search for a book by author" classname="Search books in the library" time="0.033">
    <system-out><![CDATA[
Scenario: Search for a book by author                         &amp#27;[90m# library/search_books.feature:11&amp#27;[0m
  &amp#27;[32mGiven &amp#27;[0m&amp#27;[32ma library with the following books&amp#27;[0m                    &amp#27;[90m# library.StepDefinitions.a_library_with_the_following_books(io.cucumber.datatable.DataTable)&amp#27;[0m
    | title                               | author         | category        | published  |
    | Harry Potter and the Goblet of Fire | J.K. Rowling   | Fantasy         | 2000-07-08 |
    | The Hobbit                          | J.R.R. Tolkien | Fantasy         | 1937-09-21 |
    | Dune                                | Frank Herbert  | Science Fiction | 1965-08-01 |
    | Foundation                          | Isaac Asimov   | Science Fiction | 1951-06-01 |
  &amp#27;[32mWhen &amp#27;[0m&amp#27;[32mI search for books by &amp#27;[0m&amp#27;[32m&amp#27;[1m"J.K. Rowling"&amp#27;[0m                   &amp#27;[90m# library.StepDefinitions.i_search_for_books_by(java.lang.String)&amp#27;[0m
  &amp#27;[32mThen &amp#27;[0m&amp#27;[32mI should see a list of books written by &amp#27;[0m&amp#27;[32m&amp#27;[1m"J.K. Rowling"&amp#27;[0m &amp#27;[90m# library.StepDefinitions.i_should_see_a_list_of_books_written_by(java.lang.String)&amp#27;[0m
]]></system-out>
  </testcase>
  <testcase name="Search for a book by category" classname="Search books in the library" time="0.003">
    <system-out><![CDATA[
Scenario: Search for a book by category                               &amp#27;[90m# library/search_books.feature:15&amp#27;[0m
  &amp#27;[32mGiven &amp#27;[0m&amp#27;[32ma library with the following books&amp#27;[0m                            &amp#27;[90m# library.StepDefinitions.a_library_with_the_following_books(io.cucumber.datatable.DataTable)&amp#27;[0m
    | title                               | author         | category        | published  |
    | Harry Potter and the Goblet of Fire | J.K. Rowling   | Fantasy         | 2000-07-08 |
    | The Hobbit                          | J.R.R. Tolkien | Fantasy         | 1937-09-21 |
    | Dune                                | Frank Herbert  | Science Fiction | 1965-08-01 |
    | Foundation                          | Isaac Asimov   | Science Fiction | 1951-06-01 |
  &amp#27;[32mWhen &amp#27;[0m&amp#27;[32mI search for books in the &amp#27;[0m&amp#27;[32m&amp#27;[1m"Science Fiction"&amp#27;[0m&amp#27;[32m category&amp#27;[0m           &amp#27;[90m# library.StepDefinitions.i_search_for_books_in_the_category(java.lang.String)&amp#27;[0m
  &amp#27;[32mThen &amp#27;[0m&amp#27;[32mI should see a list of books in the &amp#27;[0m&amp#27;[32m&amp#27;[1m"Science Fiction"&amp#27;[0m&amp#27;[32m category&amp#27;[0m &amp#27;[90m# library.StepDefinitions.i_should_see_a_list_of_books_in_the_category(java.lang.String)&amp#27;[0m
]]></system-out>
  </testcase>
  <testcase name="No results found" classname="Search books in the library" time="0.004">
    <system-out><![CDATA[
Scenario: No results found                                     &amp#27;[90m# library/search_books.feature:19&amp#27;[0m
  &amp#27;[32mGiven &amp#27;[0m&amp#27;[32ma library with the following books&amp#27;[0m                     &amp#27;[90m# library.StepDefinitions.a_library_with_the_following_books(io.cucumber.datatable.DataTable)&amp#27;[0m
    | title                               | author         | category        | published  |
    | Harry Potter and the Goblet of Fire | J.K. Rowling   | Fantasy         | 2000-07-08 |
    | The Hobbit                          | J.R.R. Tolkien | Fantasy         | 1937-09-21 |
    | Dune                                | Frank Herbert  | Science Fiction | 1965-08-01 |
    | Foundation                          | Isaac Asimov   | Science Fiction | 1951-06-01 |
  &amp#27;[32mWhen &amp#27;[0m&amp#27;[32mI search for books by &amp#27;[0m&amp#27;[32m&amp#27;[1m"Unknown Author"&amp#27;[0m                  &amp#27;[90m# library.StepDefinitions.i_search_for_books_by(java.lang.String)&amp#27;[0m
  &amp#27;[32mThen &amp#27;[0m&amp#27;[32mI should see a message indicating no results were found&amp#27;[0m &amp#27;[90m# library.StepDefinitions.i_should_see_a_message_indicating_no_results_were_found()&amp#27;[0m
]]></system-out>
  </testcase>
  <testcase name="Search for books by date range" classname="Search books in the library" time="0.01">
    <system-out><![CDATA[
Scenario: Search for books by date range                                  &amp#27;[90m# library/search_books.feature:23&amp#27;[0m
  &amp#27;[32mGiven &amp#27;[0m&amp#27;[32ma library with the following books&amp#27;[0m                                &amp#27;[90m# library.StepDefinitions.a_library_with_the_following_books(io.cucumber.datatable.DataTable)&amp#27;[0m
    | title                               | author         | category        | published  |
    | Harry Potter and the Goblet of Fire | J.K. Rowling   | Fantasy         | 2000-07-08 |
    | The Hobbit                          | J.R.R. Tolkien | Fantasy         | 1937-09-21 |
    | Dune                                | Frank Herbert  | Science Fiction | 1965-08-01 |
    | Foundation                          | Isaac Asimov   | Science Fiction | 1951-06-01 |
  &amp#27;[32mWhen &amp#27;[0m&amp#27;[32mI search for books published between &amp#27;[0m&amp#27;[32m&amp#27;[1m"1960-01-01"&amp#27;[0m&amp#27;[32m and &amp#27;[0m&amp#27;[32m&amp#27;[1m"1970-12-31"&amp#27;[0m &amp#27;[90m# library.StepDefinitions.i_search_for_books_published_between_and(java.lang.String,java.lang.String)&amp#27;[0m
  &amp#27;[32mThen &amp#27;[0m&amp#27;[32mI should see a list of books published between those dates&amp#27;[0m         &amp#27;[90m# library.StepDefinitions.i_should_see_a_list_of_books_published_between_those_dates()&amp#27;[0m
]]></system-out>
  </testcase>
</testsuite>